sql:  select * from tokenlist.ven where timestamp >= 1502755200 &&timestamp<= 1502841599
[ 1502755200, 1502841599 ]
day 325
size of map:  1
first day balance: Map {
  '0x0000000000000000000000000000000000000000' => -590000000,
  '0xEa7A2eBAe74e8fFD59cE98f66CD9E0d11CA28778' => 590000000 }

<--- Last few GCs --->

[58408:0x103000600]    84616 ms: Mark-sweep 1396.3 (1427.3) -> 1396.3 (1427.3) MB, 1140.4 / 0.0 ms  allocation failure GC in old space requested
[58408:0x103000600]    85831 ms: Mark-sweep 1396.3 (1427.3) -> 1396.3 (1426.3) MB, 1099.5 / 0.0 ms  last resort GC in old space requested
[58408:0x103000600]    87174 ms: Mark-sweep 1396.3 (1426.3) -> 1396.3 (1426.3) MB, 1343.5 / 0.0 ms  last resort GC in old space requested


<--- JS stacktrace --->

==== JS stack trace =========================================

Security context: 0x1b836ee257c1 <JSObject>
    1: /* anonymous */(aka /* anonymous */) [/Users/junjiezhou/Documents/thor-community/tokenBalanceAnalysis/src/cli.ts:~266] [pc=0x31369f0cb4c7](this=0x1b83725022d1 <undefined>,v=0,k=0x1b8347253459 <String[42]: 0x1A86B31abDCa5a8A3D6b2C7060Fb98c05C05edfe>)
    2: arguments adaptor frame: 3->2
    3: forEach(this=0x1b831b2995c9 <Map map = 0x1b8340f048d9>)
    4: /* anonymous */(aka /* anonymous *...

FATAL ERROR: CALL_AND_RETRY_LAST Allocation failed - JavaScript heap out of memory
 1: node::Abort() [/usr/local/bin/node]
 2: node::FatalException(v8::Isolate*, v8::Local<v8::Value>, v8::Local<v8::Message>) [/usr/local/bin/node]
 3: v8::internal::V8::FatalProcessOutOfMemory(char const*, bool) [/usr/local/bin/node]
 4: v8::internal::Factory::NewFillerObject(int, bool, v8::internal::AllocationSpace) [/usr/local/bin/node]
 5: v8::internal::Runtime_AllocateInTargetSpace(int, v8::internal::Object**, v8::internal::Isolate*) [/usr/local/bin/node]
 6: 0x31369ef042fd
 7: 0x31369f0cb4c7
